Using pre-set license
Built from '2020.3/release' branch; Version is '2020.3.15f2 (6cf78cb77498) revision 7141260'; Using compiler version '192528614'; Build Type 'Release'
OS: 'Windows 10 Home; OS build 19044.1826; Version 2009; 64bit' Language: 'ja' Physical Memory: 3881 MB
BatchMode: 1, IsHumanControllingUs: 0, StartBugReporterOnCrash: 0, Is64bit: 1, IsPro: 0

 COMMAND LINE ARGUMENTS:
C:\Program Files\Unity\Hub\Editor\2020.3.15f2\Editor\Unity.exe
-adb2
-batchMode
-noUpm
-name
AssetImportWorker3
-projectPath
C:/Users/mount/Desktop/Projects/unity-tps/Unity TPS
-logFile
Logs/AssetImportWorker3.log
-srvPort
54306
Successfully changed project path to: C:/Users/mount/Desktop/Projects/unity-tps/Unity TPS
C:/Users/mount/Desktop/Projects/unity-tps/Unity TPS
Using Asset Import Pipeline V2.
