Using pre-set license
Built from '2020.3/release' branch; Version is '2020.3.15f2 (6cf78cb77498) revision 7141260'; Using compiler version '192528614'; Build Type 'Release'
OS: 'Windows 10 Home; OS build 19044.1586; Version 2009; 64bit' Language: 'ja' Physical Memory: 16305 MB
BatchMode: 1, IsHumanControllingUs: 0, StartBugReporterOnCrash: 0, Is64bit: 1, IsPro: 0

 COMMAND LINE ARGUMENTS:
C:\Program Files\Unity\Hub\Editor\2020.3.15f2\Editor\Unity.exe
-adb2
-batchMode
-noUpm
-name
AssetImportWorker0
-projectPath
C:/Users/山岸大翔/Desktop/Untitled Third Person Shooter/Untitled Third Person Shooter
-logFile
Logs/AssetImportWorker0.log
-srvPort
50845
Successfully changed project path to: C:/Users/山岸大翔/Desktop/Untitled Third Person Shooter/Untitled Third Person Shooter
C:/Users/山岸大翔/Desktop/Untitled Third Person Shooter/Untitled Third Person Shooter
Using Asset Import Pipeline V2.
Refreshing native plugins compatible for Editor in 30.96 ms, found 2 plugins.
Preloading 0 native plugins for Editor in 0.00 ms.
Initialize engine version: 2020.3.15f2 (6cf78cb77498)
[Subsystems] Discovering subsystems at path C:/Program Files/Unity/Hub/Editor/2020.3.15f2/Editor/Data/Resources/UnitySubsystems
[Subsystems] Discovering subsystems at path C:/Users/山岸大翔/Desktop/Untitled Third Person Shooter/Untitled Third Person Shooter/Assets
GfxDevice: creating device client; threaded=0
Direct3D:
    Version:  Direct3D 11.0 [level 11.1]
    Renderer: Radeon RX 580 Series (ID=0x67df)
    Vendor:   
    VRAM:     8171 MB
    Driver:   30.0.14029.1011
Initialize mono
Mono path[0] = 'C:/Program Files/Unity/Hub/Editor/2020.3.15f2/Editor/Data/Managed'
Mono path[1] = 'C:/Program Files/Unity/Hub/Editor/2020.3.15f2/Editor/Data/MonoBleedingEdge/lib/mono/unityjit'
Mono config path = 'C:/Program Files/Unity/Hub/Editor/2020.3.15f2/Editor/Data/MonoBleedingEdge/etc'
Using monoOptions --debugger-agent=transport=dt_socket,embedding=1,server=y,suspend=n,address=127.0.0.1:56784
Begin MonoManager ReloadAssembly
Registering precompiled unity dll's ...
Register platform support module: C:/Program Files/Unity/Hub/Editor/2020.3.15f2/Editor/Data/PlaybackEngines/WebGLSupport/UnityEditor.WebGL.Extensions.dll
Register platform support module: C:/Program Files/Unity/Hub/Editor/2020.3.15f2/Editor/Data/PlaybackEngines/WindowsStandaloneSupport/UnityEditor.WindowsStandalone.Extensions.dll
Registered in 0.004085 seconds.
Native extension for WindowsStandalone target not found
Native extension for WebGL target not found
Refreshing native plugins compatible for Editor in 46.68 ms, found 2 plugins.
Preloading 0 native plugins for Editor in 0.00 ms.
Mono: successfully reloaded assembly
- Completed reload, in  2.401 seconds
Domain Reload Profiling:
	ReloadAssembly (2402ms)
		BeginReloadAssembly (112ms)
			ExecutionOrderSort (0ms)
			DisableScriptedObjects (0ms)
			BackupInstance (0ms)
			ReleaseScriptingObjects (0ms)
			CreateAndSetChildDomain (1ms)
		EndReloadAssembly (1072ms)
			LoadAssemblies (109ms)
			RebuildTransferFunctionScriptingTraits (0ms)
			SetupTypeCache (437ms)
			ReleaseScriptCaches (0ms)
			RebuildScriptCaches (77ms)
			SetupLoadedEditorAssemblies (411ms)
				LogAssemblyErrors (0ms)
				InitializePlatformSupportModulesInManaged (7ms)
				SetLoadedEditorAssemblies (0ms)
				RefreshPlugins (47ms)
				BeforeProcessingInitializeOnLoad (20ms)
				ProcessInitializeOnLoadAttributes (263ms)
				ProcessInitializeOnLoadMethodAttributes (73ms)
				AfterProcessingInitializeOnLoad (0ms)
				EditorAssembliesLoaded (0ms)
			ExecutionOrderSort2 (0ms)
			AwakeInstancesAfterBackupRestoration (0ms)
Platform modules already initialized, skipping
Registering precompiled user dll's ...
Registered in 0.013947 seconds.
Begin MonoManager ReloadAssembly
Native extension for WindowsStandalone target not found
Native extension for WebGL target not found
Refreshing native plugins compatible for Editor in 0.67 ms, found 2 plugins.
Preloading 0 native plugins for Editor in 0.00 ms.
Mono: successfully reloaded assembly
- Completed reload, in  1.957 seconds
Domain Reload Profiling:
	ReloadAssembly (1958ms)
		BeginReloadAssembly (296ms)
			ExecutionOrderSort (0ms)
			DisableScriptedObjects (7ms)
			BackupInstance (0ms)
			ReleaseScriptingObjects (0ms)
			CreateAndSetChildDomain (37ms)
		EndReloadAssembly (1580ms)
			LoadAssemblies (117ms)
			RebuildTransferFunctionScriptingTraits (0ms)
			SetupTypeCache (505ms)
			ReleaseScriptCaches (1ms)
			RebuildScriptCaches (80ms)
			SetupLoadedEditorAssemblies (624ms)
				LogAssemblyErrors (0ms)
				InitializePlatformSupportModulesInManaged (7ms)
				SetLoadedEditorAssemblies (0ms)
				RefreshPlugins (1ms)
				BeforeProcessingInitializeOnLoad (132ms)
				ProcessInitializeOnLoadAttributes (470ms)
				ProcessInitializeOnLoadMethodAttributes (6ms)
				AfterProcessingInitializeOnLoad (8ms)
				EditorAssembliesLoaded (0ms)
			ExecutionOrderSort2 (0ms)
			AwakeInstancesAfterBackupRestoration (20ms)
Platform modules already initialized, skipping
========================================================================
Worker process is ready to serve import requests
Launched and connected shader compiler UnityShaderCompiler.exe after 0.14 seconds
Refreshing native plugins compatible for Editor in 0.31 ms, found 2 plugins.
Preloading 0 native plugins for Editor in 0.00 ms.
Unloading 1396 Unused Serialized files (Serialized files now loaded: 0)
System memory in use before: 65.5 MB.
System memory in use after: 65.5 MB.

Unloading 19 unused Assets to reduce memory usage. Loaded Objects now: 1829.
Total: 1.987700 ms (FindLiveObjects: 0.149400 ms CreateObjectMapping: 0.066900 ms MarkObjects: 1.690900 ms  DeleteObjects: 0.079200 ms)

AssetImportParameters requested are different than current active one (requested -> active):
  custom:framework-win-MediaFoundation: 216162199b28c13a410421893ffa2e32 -> 
  custom:video-decoder-ogg-theora: a1e56fd34408186e4bbccfd4996cb3dc -> 
  custom:container-muxer-webm: aa71ff27fc2769a1b78a27578f13a17b -> 
  custom:container-demuxer-webm: 4f35f7cbe854078d1ac9338744f61a02 -> 
  custom:container-demuxer-ogg: 62fdf1f143b41e24485cea50d1cbac27 -> 
  custom:video-encoder-webm-vp8: eb34c28f22e8b96e1ab97ce403110664 -> 
  custom:video-decoder-webm-vp8: 9c59270c3fd7afecdb556c50c9e8de78 -> 
  custom:audio-decoder-ogg-vorbis: bf7c407c2cedff20999df2af8eb42d56 -> 
  custom:audio-encoder-webm-vorbis: bf7c407c2cedff20999df2af8eb42d56 -> 
========================================================================
Received Import Request.
  path: Assets/Scenes
  artifactKey: Guid(1d97c8a85e58f5f4e8711bd28b836421) Importer(815301076,1909f56bfc062723c751e8b465ee728b)
Start importing Assets/Scenes using Guid(1d97c8a85e58f5f4e8711bd28b836421) Importer(815301076,1909f56bfc062723c751e8b465ee728b)  -> (artifact id: 'df72bb354088a9199b1e593767ca093a') in 0.010228 seconds 
  Import took 0.020125 seconds .

========================================================================
Received Import Request.
  Time since last request: 1430.206162 seconds.
  path: Assets
  artifactKey: Guid(00000000000000001000000000000000) Importer(815301076,1909f56bfc062723c751e8b465ee728b)
Start importing Assets using Guid(00000000000000001000000000000000) Importer(815301076,1909f56bfc062723c751e8b465ee728b)  -> (artifact id: '42d402b061de3733987d63b9cc3b64de') in 0.015513 seconds 
  Import took 0.023811 seconds .

========================================================================
Received Import Request.
  Time since last request: 8.365558 seconds.
  path: Assets/_Project
  artifactKey: Guid(04ef80272ca78b34eb9d8cc836235062) Importer(815301076,1909f56bfc062723c751e8b465ee728b)
Start importing Assets/_Project using Guid(04ef80272ca78b34eb9d8cc836235062) Importer(815301076,1909f56bfc062723c751e8b465ee728b)  -> (artifact id: 'bfa055b8f98d439f708b77cccb117645') in 0.023493 seconds 
  Import took 0.038505 seconds .

========================================================================
Received Import Request.
  Time since last request: 10.320200 seconds.
  path: Assets/_Project/Scripts
  artifactKey: Guid(a4a97f8ef573d9641a6b44f531b5b790) Importer(815301076,1909f56bfc062723c751e8b465ee728b)
Start importing Assets/_Project/Scripts using Guid(a4a97f8ef573d9641a6b44f531b5b790) Importer(815301076,1909f56bfc062723c751e8b465ee728b)  -> (artifact id: 'de1214a88681561a7e2d91982a50a19e') in 0.016831 seconds 
  Import took 0.021690 seconds .

========================================================================
Received Import Request.
  Time since last request: 46.749789 seconds.
  path: Assets/_Project/Materials
  artifactKey: Guid(0794eab19bcdca14eb7b3efa37c785d8) Importer(815301076,1909f56bfc062723c751e8b465ee728b)
Start importing Assets/_Project/Materials using Guid(0794eab19bcdca14eb7b3efa37c785d8) Importer(815301076,1909f56bfc062723c751e8b465ee728b)  -> (artifact id: '2d427e96f8ef96e904ff72aab3f9b9d2') in 0.015027 seconds 
  Import took 0.024008 seconds .

========================================================================
Received Import Request.
  Time since last request: 18.007058 seconds.
  path: Assets/_Project/Animations
  artifactKey: Guid(7efb607cdf010864e8f102ef516b0302) Importer(815301076,1909f56bfc062723c751e8b465ee728b)
Start importing Assets/_Project/Animations using Guid(7efb607cdf010864e8f102ef516b0302) Importer(815301076,1909f56bfc062723c751e8b465ee728b)  -> (artifact id: '97dd66840e7ea0e317f7328a95dd47eb') in 0.014407 seconds 
  Import took 0.021219 seconds .

========================================================================
Received Import Request.
  Time since last request: 5.792395 seconds.
  path: Assets/_Project/3D Models
  artifactKey: Guid(235b8691fbb7c0b4b89bb99aa3e4b3e6) Importer(815301076,1909f56bfc062723c751e8b465ee728b)
Start importing Assets/_Project/3D Models using Guid(235b8691fbb7c0b4b89bb99aa3e4b3e6) Importer(815301076,1909f56bfc062723c751e8b465ee728b)  -> (artifact id: '2351e46cb0f2670591ff3c1a7393c075') in 0.016480 seconds 
  Import took 0.020559 seconds .

========================================================================
Received Import Request.
  Time since last request: 26.301071 seconds.
  path: Assets/_Project/2D Graphics
  artifactKey: Guid(5695ab1804234f645afd419bb008b63e) Importer(815301076,1909f56bfc062723c751e8b465ee728b)
Start importing Assets/_Project/2D Graphics using Guid(5695ab1804234f645afd419bb008b63e) Importer(815301076,1909f56bfc062723c751e8b465ee728b)  -> (artifact id: 'f38cee082be035bdfcf0774a625cfd28') in 0.010296 seconds 
  Import took 0.015395 seconds .

========================================================================
Received Import Request.
  Time since last request: 0.000884 seconds.
  path: Assets/_Project/2D Graphics
  artifactKey: Guid(5695ab1804234f645afd419bb008b63e) Importer(815301076,1909f56bfc062723c751e8b465ee728b)
Start importing Assets/_Project/2D Graphics using Guid(5695ab1804234f645afd419bb008b63e) Importer(815301076,1909f56bfc062723c751e8b465ee728b)  -> (artifact id: 'f38cee082be035bdfcf0774a625cfd28') in 0.004789 seconds 
  Import took 0.008581 seconds .

========================================================================
Received Import Request.
  Time since last request: 7.053504 seconds.
  path: Assets/_Project/UI
  artifactKey: Guid(5695ab1804234f645afd419bb008b63e) Importer(815301076,1909f56bfc062723c751e8b465ee728b)
Start importing Assets/_Project/UI using Guid(5695ab1804234f645afd419bb008b63e) Importer(815301076,1909f56bfc062723c751e8b465ee728b)  -> (artifact id: '825c82f2a5cf73ed1b454441a0bfccc3') in 0.019866 seconds 
  Import took 0.027436 seconds .

========================================================================
Received Import Request.
  Time since last request: 6.509026 seconds.
  path: Assets/_Project/UIs
  artifactKey: Guid(5695ab1804234f645afd419bb008b63e) Importer(815301076,1909f56bfc062723c751e8b465ee728b)
Start importing Assets/_Project/UIs using Guid(5695ab1804234f645afd419bb008b63e) Importer(815301076,1909f56bfc062723c751e8b465ee728b)  -> (artifact id: '4057fcff1c762c51aa2a4444d005ceba') in 0.010132 seconds 
  Import took 0.015047 seconds .

========================================================================
Received Import Request.
  Time since last request: 11544.498094 seconds.
  path: Assets/_Project/Scenes/SampleScene.unity
  artifactKey: Guid(9fc0d4010bbf28b4594072e72b8655ab) Importer(815301076,1909f56bfc062723c751e8b465ee728b)
Start importing Assets/_Project/Scenes/SampleScene.unity using Guid(9fc0d4010bbf28b4594072e72b8655ab) Importer(815301076,1909f56bfc062723c751e8b465ee728b)  -> (artifact id: '85059f4f9e1a832ed95adaa0d25c5c4c') in 0.023965 seconds 
  Import took 0.027518 seconds .

========================================================================
Received Import Request.
  Time since last request: 7.308311 seconds.
  path: Assets/_Project/Scenes/Sample_Scene.unity
  artifactKey: Guid(9fc0d4010bbf28b4594072e72b8655ab) Importer(815301076,1909f56bfc062723c751e8b465ee728b)
Start importing Assets/_Project/Scenes/Sample_Scene.unity using Guid(9fc0d4010bbf28b4594072e72b8655ab) Importer(815301076,1909f56bfc062723c751e8b465ee728b)  -> (artifact id: '79e56dcdba496ccfa9cfb73989e78b3a') in 0.023640 seconds 
  Import took 0.028670 seconds .

========================================================================
Received Import Request.
  Time since last request: 14.615794 seconds.
  path: Assets/_Project/Scenes/Sample.unity
  artifactKey: Guid(9fc0d4010bbf28b4594072e72b8655ab) Importer(815301076,1909f56bfc062723c751e8b465ee728b)
Start importing Assets/_Project/Scenes/Sample.unity using Guid(9fc0d4010bbf28b4594072e72b8655ab) Importer(815301076,1909f56bfc062723c751e8b465ee728b)  -> (artifact id: '1913ca768806b7fb211e0309e274dcb7') in 0.034243 seconds 
  Import took 0.040750 seconds .

AssetImportWorkerClient::OnTransportError - code=2 error=End of file
